<?xml version="1.0" encoding="UTF-8"?>
<testsuite name="ItemsTest" tests="2" skipped="0" failures="0" errors="0" timestamp="2019-02-13T02:37:38" hostname="Abduls-MacBook-Air.local" time="0.007">
  <properties/>
  <testcase name="verifyFtpUserPassword" classname="ItemsTest" time="0.006"/>
  <testcase name="verifyFtpUser" classname="ItemsTest" time="0.001"/>
  <system-out><![CDATA[propertynull
]]></system-out>
  <system-err><![CDATA[]]></system-err>
</testsuite>
